d:\final quest\cpsc-4377-spring-2019-final-quest-fajardo_dittus_dawkins_trios\contractor quest\contractor quest\temp\vc141.pdb
d:\final quest\cpsc-4377-spring-2019-final-quest-fajardo_dittus_dawkins_trios\contractor quest\contractor quest\temp\vc141.idb
d:\final quest\cpsc-4377-spring-2019-final-quest-fajardo_dittus_dawkins_trios\contractor quest\contractor quest\temp\view.obj
d:\final quest\cpsc-4377-spring-2019-final-quest-fajardo_dittus_dawkins_trios\contractor quest\contractor quest\temp\timer.obj
d:\final quest\cpsc-4377-spring-2019-final-quest-fajardo_dittus_dawkins_trios\contractor quest\contractor quest\temp\timedlifecomponent.obj
d:\final quest\cpsc-4377-spring-2019-final-quest-fajardo_dittus_dawkins_trios\contractor quest\contractor quest\temp\texture.obj
d:\final quest\cpsc-4377-spring-2019-final-quest-fajardo_dittus_dawkins_trios\contractor quest\contractor quest\temp\spritecomponent.obj
d:\final quest\cpsc-4377-spring-2019-final-quest-fajardo_dittus_dawkins_trios\contractor quest\contractor quest\temp\source.obj
d:\final quest\cpsc-4377-spring-2019-final-quest-fajardo_dittus_dawkins_trios\contractor quest\contractor quest\temp\sounddevice.obj
d:\final quest\cpsc-4377-spring-2019-final-quest-fajardo_dittus_dawkins_trios\contractor quest\contractor quest\temp\sentrybehaviorcomponent.obj
d:\final quest\cpsc-4377-spring-2019-final-quest-fajardo_dittus_dawkins_trios\contractor quest\contractor quest\temp\seekplayerbehaviorcomponent.obj
d:\final quest\cpsc-4377-spring-2019-final-quest-fajardo_dittus_dawkins_trios\contractor quest\contractor quest\temp\physicsdevice.obj
d:\final quest\cpsc-4377-spring-2019-final-quest-fajardo_dittus_dawkins_trios\contractor quest\contractor quest\temp\objectfactory.obj
d:\final quest\cpsc-4377-spring-2019-final-quest-fajardo_dittus_dawkins_trios\contractor quest\contractor quest\temp\object.obj
d:\final quest\cpsc-4377-spring-2019-final-quest-fajardo_dittus_dawkins_trios\contractor quest\contractor quest\temp\library.obj
d:\final quest\cpsc-4377-spring-2019-final-quest-fajardo_dittus_dawkins_trios\contractor quest\contractor quest\temp\inputdevice.obj
d:\final quest\cpsc-4377-spring-2019-final-quest-fajardo_dittus_dawkins_trios\contractor quest\contractor quest\temp\inputcomponent.obj
d:\final quest\cpsc-4377-spring-2019-final-quest-fajardo_dittus_dawkins_trios\contractor quest\contractor quest\temp\graphicsdevice.obj
d:\final quest\cpsc-4377-spring-2019-final-quest-fajardo_dittus_dawkins_trios\contractor quest\contractor quest\temp\engine.obj
d:\final quest\cpsc-4377-spring-2019-final-quest-fajardo_dittus_dawkins_trios\contractor quest\contractor quest\temp\contactlistener.obj
d:\final quest\cpsc-4377-spring-2019-final-quest-fajardo_dittus_dawkins_trios\contractor quest\contractor quest\temp\component.obj
d:\final quest\cpsc-4377-spring-2019-final-quest-fajardo_dittus_dawkins_trios\contractor quest\contractor quest\temp\bodycomponent.obj
d:\final quest\cpsc-4377-spring-2019-final-quest-fajardo_dittus_dawkins_trios\contractor quest\contractor quest\temp\tinyxml2.obj
d:\final quest\cpsc-4377-spring-2019-final-quest-fajardo_dittus_dawkins_trios\contractor quest\contractor quest\temp\wanderbehaviorcomponent.obj
d:\final quest\cpsc-4377-spring-2019-final-quest-fajardo_dittus_dawkins_trios\contractor quest\contractor quest\game\contractor quest.ilk
d:\final quest\cpsc-4377-spring-2019-final-quest-fajardo_dittus_dawkins_trios\contractor quest\contractor quest\game\contractor quest.exe
d:\final quest\cpsc-4377-spring-2019-final-quest-fajardo_dittus_dawkins_trios\contractor quest\contractor quest\game\contractor quest.pdb
d:\final quest\cpsc-4377-spring-2019-final-quest-fajardo_dittus_dawkins_trios\contractor quest\contractor quest\temp\crazypersonbehaviorcomponent.obj
d:\final quest\cpsc-4377-spring-2019-final-quest-fajardo_dittus_dawkins_trios\contractor quest\contractor quest\temp\rabidracoonbehaviorcomponent.obj
d:\final quest\cpsc-4377-spring-2019-final-quest-fajardo_dittus_dawkins_trios\contractor quest\contractor quest\temp\racoonbehaviorcomponent.obj
d:\final quest\cpsc-4377-spring-2019-final-quest-fajardo_dittus_dawkins_trios\contractor quest\contractor quest\temp\contactlistener.obj.enc
d:\final quest\cpsc-4377-spring-2019-final-quest-fajardo_dittus_dawkins_trios\contractor quest\contractor quest\temp\contractor quest.tlog\cl.command.1.tlog
d:\final quest\cpsc-4377-spring-2019-final-quest-fajardo_dittus_dawkins_trios\contractor quest\contractor quest\temp\contractor quest.tlog\cl.read.1.tlog
d:\final quest\cpsc-4377-spring-2019-final-quest-fajardo_dittus_dawkins_trios\contractor quest\contractor quest\temp\contractor quest.tlog\cl.write.1.tlog
d:\final quest\cpsc-4377-spring-2019-final-quest-fajardo_dittus_dawkins_trios\contractor quest\contractor quest\temp\contractor quest.tlog\link.command.1.tlog
d:\final quest\cpsc-4377-spring-2019-final-quest-fajardo_dittus_dawkins_trios\contractor quest\contractor quest\temp\contractor quest.tlog\link.read.1.tlog
d:\final quest\cpsc-4377-spring-2019-final-quest-fajardo_dittus_dawkins_trios\contractor quest\contractor quest\temp\contractor quest.tlog\link.write.1.tlog
